build/app/intermediates/manifest_merge_blame_file/debug/manifest-merger-blame-debug-report.txt
1<?xml version="1.0" encoding="utf-8"?>
2<manifest xmlns:android="http://schemas.android.com/apk/res/android"
3    package="com.elatrouz.social_app"
4    android:installLocation="preferExternal"
5    android:versionCode="1"
6    android:versionName="1.0.0" >
7
8    <uses-sdk
9        android:minSdkVersion="16"
10        android:targetSdkVersion="28" />
11    <!--
12         Flutter needs it to communicate with the running application
13         to allow setting breakpoints, to provide hot reload, etc.
14    -->
15    <uses-permission android:name="android.permission.INTERNET" />
15-->src\debug\AndroidManifest.xml:6:5-66
15-->src\debug\AndroidManifest.xml:6:22-64
16    <!--
17     io.flutter.app.FlutterApplication is an android.app.Application that
18         calls FlutterMain.startInitialization(this); in its onCreate method.
19         In most cases you can leave this as-is, but you if you want to provide
20         additional functionality it is fine to subclass or reimplement
21         FlutterApplication and put your custom class here.
22    -->
23    <application
23-->src\main\AndroidManifest.xml:9:5-30:19
24        android:name="io.flutter.app.FlutterApplication"
24-->src\main\AndroidManifest.xml:10:9-57
25        android:appComponentFactory="androidx.core.app.CoreComponentFactory"
25-->[androidx.core:core:1.0.0] AndroidManifest.xml:22:18-86
26        android:debuggable="true"
27        android:icon="@mipmap/ic_launcher"
27-->src\main\AndroidManifest.xml:12:9-43
28        android:label="social_app" >
28-->src\main\AndroidManifest.xml:11:9-35
29        <activity
29-->src\main\AndroidManifest.xml:13:9-24:20
30            android:name="com.elatrouz.social_app.MainActivity"
30-->src\main\AndroidManifest.xml:14:13-41
31            android:configChanges="orientation|keyboardHidden|keyboard|screenSize|smallestScreenSize|locale|layoutDirection|fontScale|screenLayout|density|uiMode"
31-->src\main\AndroidManifest.xml:17:13-163
32            android:hardwareAccelerated="true"
32-->src\main\AndroidManifest.xml:18:13-47
33            android:launchMode="singleTop"
33-->src\main\AndroidManifest.xml:15:13-43
34            android:theme="@style/LaunchTheme"
34-->src\main\AndroidManifest.xml:16:13-47
35            android:windowSoftInputMode="adjustResize" >
35-->src\main\AndroidManifest.xml:19:13-55
36            <intent-filter>
36-->src\main\AndroidManifest.xml:20:13-23:29
37                <action android:name="android.intent.action.MAIN" />
37-->src\main\AndroidManifest.xml:21:17-68
37-->src\main\AndroidManifest.xml:21:25-66
38
39                <category android:name="android.intent.category.LAUNCHER" />
39-->src\main\AndroidManifest.xml:22:17-76
39-->src\main\AndroidManifest.xml:22:27-74
40            </intent-filter>
41        </activity>
42        <!--
43             Don't delete the meta-data below.
44             This is used by the Flutter tool to generate GeneratedPluginRegistrant.java
45        -->
46        <meta-data
46-->src\main\AndroidManifest.xml:27:9-29:33
47            android:name="flutterEmbedding"
47-->src\main\AndroidManifest.xml:28:13-44
48            android:value="2" />
48-->src\main\AndroidManifest.xml:29:13-30
49    </application>
50
51</manifest>